# JRE version: Java(TM) SE Runtime Environment (8.0_291-b10) (build 1.8.0_291-b10)
# Java VM: Java HotSpot(TM) 64-Bit Server VM (25.291-b10 mixed mode windows-amd64 compressed oops)
Heap:
 PSYoungGen      total 323072K, used 84841K [0x00000000d5580000, 0x00000000eee80000, 0x0000000100000000)
  eden space 269312K, 11% used [0x00000000d5580000,0x00000000d73deaf0,0x00000000e5c80000)
  from space 53760K, 99% used [0x00000000eba00000,0x00000000eee7bc00,0x00000000eee80000)
  to   space 50176K, 0% used [0x00000000e5c80000,0x00000000e5c80000,0x00000000e8d80000)
 ParOldGen       total 343552K, used 106433K [0x0000000080000000, 0x0000000094f80000, 0x00000000d5580000)
  object space 343552K, 30% used [0x0000000080000000,0x00000000867f0480,0x0000000094f80000)
 Metaspace       used 92772K, capacity 97528K, committed 97664K, reserved 1134592K
  class space    used 12538K, capacity 13382K, committed 13440K, reserved 1048576K
GC Heap History (10 events):
Event: 18.205 GC heap before
{Heap before GC invocations=11 (full 3):
 PSYoungGen      total 200704K, used 186368K [0x00000000d5580000, 0x00000000e7180000, 0x0000000100000000)
  eden space 186368K, 100% used [0x00000000d5580000,0x00000000e0b80000,0x00000000e0b80000)
  from space 14336K, 0% used [0x00000000e0b80000,0x00000000e0b80000,0x00000000e1980000)
  to   space 20992K, 0% used [0x00000000e5d00000,0x00000000e5d00000,0x00000000e7180000)
 ParOldGen       total 343552K, used 37032K [0x0000000080000000, 0x0000000094f80000, 0x00000000d5580000)
  object space 343552K, 10% used [0x0000000080000000,0x000000008242a0d0,0x0000000094f80000)
 Metaspace       used 64050K, capacity 66942K, committed 67200K, reserved 1107968K
  class space    used 9024K, capacity 9594K, committed 9600K, reserved 1048576K
Event: 18.231 GC heap after
Heap after GC invocations=11 (full 3):
 PSYoungGen      total 246784K, used 16831K [0x00000000d5580000, 0x00000000e6d80000, 0x0000000100000000)
  eden space 229888K, 0% used [0x00000000d5580000,0x00000000d5580000,0x00000000e3600000)
  from space 16896K, 99% used [0x00000000e5d00000,0x00000000e6d6fd58,0x00000000e6d80000)
  to   space 22016K, 0% used [0x00000000e4280000,0x00000000e4280000,0x00000000e5800000)
 ParOldGen       total 343552K, used 37040K [0x0000000080000000, 0x0000000094f80000, 0x00000000d5580000)
  object space 343552K, 10% used [0x0000000080000000,0x000000008242c0d0,0x0000000094f80000)
 Metaspace       used 64050K, capacity 66942K, committed 67200K, reserved 1107968K
  class space    used 9024K, capacity 9594K, committed 9600K, reserved 1048576K
}
Event: 22.674 GC heap before
{Heap before GC invocations=12 (full 3):
 PSYoungGen      total 246784K, used 246475K [0x00000000d5580000, 0x00000000e6d80000, 0x0000000100000000)
  eden space 229888K, 99% used [0x00000000d5580000,0x00000000e35c3030,0x00000000e3600000)
  from space 16896K, 99% used [0x00000000e5d00000,0x00000000e6d6fd58,0x00000000e6d80000)
  to   space 22016K, 0% used [0x00000000e4280000,0x00000000e4280000,0x00000000e5800000)
 ParOldGen       total 343552K, used 37040K [0x0000000080000000, 0x0000000094f80000, 0x00000000d5580000)
  object space 343552K, 10% used [0x0000000080000000,0x000000008242c0d0,0x0000000094f80000)
 Metaspace       used 71149K, capacity 74674K, committed 74880K, reserved 1114112K
  class space    used 10130K, capacity 10794K, committed 10880K, reserved 1048576K
Event: 22.841 GC heap after
Heap after GC invocations=12 (full 3):
 PSYoungGen      total 264704K, used 21987K [0x00000000d5580000, 0x00000000eb980000, 0x0000000100000000)
  eden space 242688K, 0% used [0x00000000d5580000,0x00000000d5580000,0x00000000e4280000)
  from space 22016K, 99% used [0x00000000e4280000,0x00000000e57f8ed0,0x00000000e5800000)
  to   space 45056K, 0% used [0x00000000e8d80000,0x00000000e8d80000,0x00000000eb980000)
 ParOldGen       total 343552K, used 86899K [0x0000000080000000, 0x0000000094f80000, 0x00000000d5580000)
  object space 343552K, 25% used [0x0000000080000000,0x00000000854dcd08,0x0000000094f80000)
 Metaspace       used 71149K, capacity 74674K, committed 74880K, reserved 1114112K
  class space    used 10130K, capacity 10794K, committed 10880K, reserved 1048576K
}
Event: 424.209 GC heap before
{Heap before GC invocations=13 (full 3):
 PSYoungGen      total 264704K, used 264675K [0x00000000d5580000, 0x00000000eb980000, 0x0000000100000000)
  eden space 242688K, 100% used [0x00000000d5580000,0x00000000e4280000,0x00000000e4280000)
  from space 22016K, 99% used [0x00000000e4280000,0x00000000e57f8ed0,0x00000000e5800000)
  to   space 45056K, 0% used [0x00000000e8d80000,0x00000000e8d80000,0x00000000eb980000)
 ParOldGen       total 343552K, used 86899K [0x0000000080000000, 0x0000000094f80000, 0x00000000d5580000)
  object space 343552K, 25% used [0x0000000080000000,0x00000000854dcd08,0x0000000094f80000)
 Metaspace       used 79141K, capacity 83138K, committed 83456K, reserved 1120256K
  class space    used 10957K, capacity 11684K, committed 11776K, reserved 1048576K
Event: 424.326 GC heap after
Heap after GC invocations=13 (full 3):
 PSYoungGen      total 314368K, used 40521K [0x00000000d5580000, 0x00000000eca00000, 0x0000000100000000)
  eden space 269312K, 0% used [0x00000000d5580000,0x00000000d5580000,0x00000000e5c80000)
  from space 45056K, 89% used [0x00000000e8d80000,0x00000000eb5124f0,0x00000000eb980000)
  to   space 50176K, 0% used [0x00000000e5c80000,0x00000000e5c80000,0x00000000e8d80000)
 ParOldGen       total 343552K, used 86907K [0x0000000080000000, 0x0000000094f80000, 0x00000000d5580000)
  object space 343552K, 25% used [0x0000000080000000,0x00000000854ded08,0x0000000094f80000)
 Metaspace       used 79141K, capacity 83138K, committed 83456K, reserved 1120256K
  class space    used 10957K, capacity 11684K, committed 11776K, reserved 1048576K
}
Event: 431.539 GC heap before
{Heap before GC invocations=14 (full 3):
 PSYoungGen      total 314368K, used 309833K [0x00000000d5580000, 0x00000000eca00000, 0x0000000100000000)
  eden space 269312K, 100% used [0x00000000d5580000,0x00000000e5c80000,0x00000000e5c80000)
  from space 45056K, 89% used [0x00000000e8d80000,0x00000000eb5124f0,0x00000000eb980000)
  to   space 50176K, 0% used [0x00000000e5c80000,0x00000000e5c80000,0x00000000e8d80000)
 ParOldGen       total 343552K, used 86907K [0x0000000080000000, 0x0000000094f80000, 0x00000000d5580000)
  object space 343552K, 25% used [0x0000000080000000,0x00000000854ded08,0x0000000094f80000)
 Metaspace       used 82921K, capacity 87082K, committed 87168K, reserved 1124352K
  class space    used 11354K, capacity 12130K, committed 12160K, reserved 1048576K
Event: 431.628 GC heap after
Heap after GC invocations=14 (full 3):
 PSYoungGen      total 319488K, used 38397K [0x00000000d5580000, 0x00000000eee80000, 0x0000000100000000)
  eden space 269312K, 0% used [0x00000000d5580000,0x00000000d5580000,0x00000000e5c80000)
  from space 50176K, 76% used [0x00000000e5c80000,0x00000000e81ff5c0,0x00000000e8d80000)
  to   space 53760K, 0% used [0x00000000eba00000,0x00000000eba00000,0x00000000eee80000)
 ParOldGen       total 343552K, used 86915K [0x0000000080000000, 0x0000000094f80000, 0x00000000d5580000)
  object space 343552K, 25% used [0x0000000080000000,0x00000000854e0d08,0x0000000094f80000)
 Metaspace       used 82921K, capacity 87082K, committed 87168K, reserved 1124352K
  class space    used 11354K, capacity 12130K, committed 12160K, reserved 1048576K
}
Event: 435.409 GC heap before
{Heap before GC invocations=15 (full 3):
 PSYoungGen      total 319488K, used 307709K [0x00000000d5580000, 0x00000000eee80000, 0x0000000100000000)
  eden space 269312K, 100% used [0x00000000d5580000,0x00000000e5c80000,0x00000000e5c80000)
  from space 50176K, 76% used [0x00000000e5c80000,0x00000000e81ff5c0,0x00000000e8d80000)
  to   space 53760K, 0% used [0x00000000eba00000,0x00000000eba00000,0x00000000eee80000)
 ParOldGen       total 343552K, used 86915K [0x0000000080000000, 0x0000000094f80000, 0x00000000d5580000)
  object space 343552K, 25% used [0x0000000080000000,0x00000000854e0d08,0x0000000094f80000)
 Metaspace       used 92074K, capacity 96740K, committed 96896K, reserved 1132544K
  class space    used 12497K, capacity 13326K, committed 13440K, reserved 1048576K
Event: 435.601 GC heap after
Heap after GC invocations=15 (full 3):
 PSYoungGen      total 323072K, used 53743K [0x00000000d5580000, 0x00000000eee80000, 0x0000000100000000)
  eden space 269312K, 0% used [0x00000000d5580000,0x00000000d5580000,0x00000000e5c80000)
  from space 53760K, 99% used [0x00000000eba00000,0x00000000eee7bc00,0x00000000eee80000)
  to   space 50176K, 0% used [0x00000000e5c80000,0x00000000e5c80000,0x00000000e8d80000)
 ParOldGen       total 343552K, used 106433K [0x0000000080000000, 0x0000000094f80000, 0x00000000d5580000)
  object space 343552K, 30% used [0x0000000080000000,0x00000000867f0480,0x0000000094f80000)
 Metaspace       used 92074K, capacity 96740K, committed 96896K, reserved 1132544K
  class space    used 12497K, capacity 13326K, committed 13440K, reserved 1048576K
}

