# JRE version: Java(TM) SE Runtime Environment (8.0_291-b10) (build 1.8.0_291-b10)
# Java VM: Java HotSpot(TM) 64-Bit Server VM (25.291-b10 mixed mode windows-amd64 compressed oops)
Heap:
 PSYoungGen      total 308224K, used 221574K [0x00000000d5580000, 0x00000000ed500000, 0x0000000100000000)
  eden space 274432K, 80% used [0x00000000d5580000,0x00000000e2de1b08,0x00000000e6180000)
  from space 33792K, 0% used [0x00000000e8f00000,0x00000000e8f00000,0x00000000eb000000)
  to   space 46592K, 0% used [0x00000000e6180000,0x00000000e6180000,0x00000000e8f00000)
 ParOldGen       total 329728K, used 63812K [0x0000000080000000, 0x0000000094200000, 0x00000000d5580000)
  object space 329728K, 19% used [0x0000000080000000,0x0000000083e51390,0x0000000094200000)
 Metaspace       used 93187K, capacity 97679K, committed 98944K, reserved 1134592K
  class space    used 12502K, capacity 13298K, committed 13696K, reserved 1048576K
GC Heap History (10 events):
Event: 27.343 GC heap before
{Heap before GC invocations=12 (full 3):
 PSYoungGen      total 268288K, used 268265K [0x00000000d5580000, 0x00000000e7e00000, 0x0000000100000000)
  eden space 247296K, 100% used [0x00000000d5580000,0x00000000e4700000,0x00000000e4700000)
  from space 20992K, 99% used [0x00000000e6980000,0x00000000e7dfa500,0x00000000e7e00000)
  to   space 27648K, 0% used [0x00000000e4800000,0x00000000e4800000,0x00000000e6300000)
 ParOldGen       total 329728K, used 45437K [0x0000000080000000, 0x0000000094200000, 0x00000000d5580000)
  object space 329728K, 13% used [0x0000000080000000,0x0000000082c5f4f8,0x0000000094200000)
 Metaspace       used 70357K, capacity 73506K, committed 73600K, reserved 1112064K
  class space    used 9782K, capacity 10362K, committed 10368K, reserved 1048576K
Event: 27.399 GC heap after
Heap after GC invocations=12 (full 3):
 PSYoungGen      total 275968K, used 27629K [0x00000000d5580000, 0x00000000eb000000, 0x0000000100000000)
  eden space 248320K, 0% used [0x00000000d5580000,0x00000000d5580000,0x00000000e4800000)
  from space 27648K, 99% used [0x00000000e4800000,0x00000000e62fb540,0x00000000e6300000)
  to   space 33792K, 0% used [0x00000000e8f00000,0x00000000e8f00000,0x00000000eb000000)
 ParOldGen       total 329728K, used 52154K [0x0000000080000000, 0x0000000094200000, 0x00000000d5580000)
  object space 329728K, 15% used [0x0000000080000000,0x00000000832ee910,0x0000000094200000)
 Metaspace       used 70357K, capacity 73506K, committed 73600K, reserved 1112064K
  class space    used 9782K, capacity 10362K, committed 10368K, reserved 1048576K
}
Event: 30.693 GC heap before
{Heap before GC invocations=13 (full 3):
 PSYoungGen      total 275968K, used 275949K [0x00000000d5580000, 0x00000000eb000000, 0x0000000100000000)
  eden space 248320K, 100% used [0x00000000d5580000,0x00000000e4800000,0x00000000e4800000)
  from space 27648K, 99% used [0x00000000e4800000,0x00000000e62fb540,0x00000000e6300000)
  to   space 33792K, 0% used [0x00000000e8f00000,0x00000000e8f00000,0x00000000eb000000)
 ParOldGen       total 329728K, used 52154K [0x0000000080000000, 0x0000000094200000, 0x00000000d5580000)
  object space 329728K, 15% used [0x0000000080000000,0x00000000832ee910,0x0000000094200000)
 Metaspace       used 77545K, capacity 80748K, committed 80896K, reserved 1118208K
  class space    used 10638K, capacity 11212K, committed 11264K, reserved 1048576K
Event: 30.811 GC heap after
Heap after GC invocations=13 (full 3):
 PSYoungGen      total 308224K, used 33773K [0x00000000d5580000, 0x00000000ed500000, 0x0000000100000000)
  eden space 274432K, 0% used [0x00000000d5580000,0x00000000d5580000,0x00000000e6180000)
  from space 33792K, 99% used [0x00000000e8f00000,0x00000000eaffb6b0,0x00000000eb000000)
  to   space 46592K, 0% used [0x00000000e6180000,0x00000000e6180000,0x00000000e8f00000)
 ParOldGen       total 329728K, used 73892K [0x0000000080000000, 0x0000000094200000, 0x00000000d5580000)
  object space 329728K, 22% used [0x0000000080000000,0x00000000848293b0,0x0000000094200000)
 Metaspace       used 77545K, capacity 80748K, committed 80896K, reserved 1118208K
  class space    used 10638K, capacity 11212K, committed 11264K, reserved 1048576K
}
Event: 36.271 GC heap before
{Heap before GC invocations=14 (full 3):
 PSYoungGen      total 308224K, used 308155K [0x00000000d5580000, 0x00000000ed500000, 0x0000000100000000)
  eden space 274432K, 99% used [0x00000000d5580000,0x00000000e6173570,0x00000000e6180000)
  from space 33792K, 99% used [0x00000000e8f00000,0x00000000eaffb6b0,0x00000000eb000000)
  to   space 46592K, 0% used [0x00000000e6180000,0x00000000e6180000,0x00000000e8f00000)
 ParOldGen       total 329728K, used 73892K [0x0000000080000000, 0x0000000094200000, 0x00000000d5580000)
  object space 329728K, 22% used [0x0000000080000000,0x00000000848293b0,0x0000000094200000)
 Metaspace       used 88401K, capacity 93224K, committed 93312K, reserved 1130496K
  class space    used 12259K, capacity 13164K, committed 13184K, reserved 1048576K
Event: 36.414 GC heap after
Heap after GC invocations=14 (full 3):
 PSYoungGen      total 321024K, used 46567K [0x00000000d5580000, 0x00000000ed500000, 0x0000000100000000)
  eden space 274432K, 0% used [0x00000000d5580000,0x00000000d5580000,0x00000000e6180000)
  from space 46592K, 99% used [0x00000000e6180000,0x00000000e8ef9c80,0x00000000e8f00000)
  to   space 33792K, 0% used [0x00000000e8f00000,0x00000000e8f00000,0x00000000eb000000)
 ParOldGen       total 329728K, used 101650K [0x0000000080000000, 0x0000000094200000, 0x00000000d5580000)
  object space 329728K, 30% used [0x0000000080000000,0x0000000086344908,0x0000000094200000)
 Metaspace       used 88401K, capacity 93224K, committed 93312K, reserved 1130496K
  class space    used 12259K, capacity 13164K, committed 13184K, reserved 1048576K
}
Event: 199.713 GC heap before
{Heap before GC invocations=15 (full 3):
 PSYoungGen      total 321024K, used 285005K [0x00000000d5580000, 0x00000000ed500000, 0x0000000100000000)
  eden space 274432K, 86% used [0x00000000d5580000,0x00000000e3e59980,0x00000000e6180000)
  from space 46592K, 99% used [0x00000000e6180000,0x00000000e8ef9c80,0x00000000e8f00000)
  to   space 33792K, 0% used [0x00000000e8f00000,0x00000000e8f00000,0x00000000eb000000)
 ParOldGen       total 329728K, used 101650K [0x0000000080000000, 0x0000000094200000, 0x00000000d5580000)
  object space 329728K, 30% used [0x0000000080000000,0x0000000086344908,0x0000000094200000)
 Metaspace       used 93321K, capacity 98313K, committed 98560K, reserved 1134592K
  class space    used 12653K, capacity 13568K, committed 13568K, reserved 1048576K
Event: 199.778 GC heap after
Heap after GC invocations=15 (full 3):
 PSYoungGen      total 308224K, used 14216K [0x00000000d5580000, 0x00000000ed500000, 0x0000000100000000)
  eden space 274432K, 0% used [0x00000000d5580000,0x00000000d5580000,0x00000000e6180000)
  from space 33792K, 42% used [0x00000000e8f00000,0x00000000e9ce2160,0x00000000eb000000)
  to   space 46592K, 0% used [0x00000000e6180000,0x00000000e6180000,0x00000000e8f00000)
 ParOldGen       total 329728K, used 108430K [0x0000000080000000, 0x0000000094200000, 0x00000000d5580000)
  object space 329728K, 32% used [0x0000000080000000,0x00000000869e38b8,0x0000000094200000)
 Metaspace       used 93321K, capacity 98313K, committed 98560K, reserved 1134592K
  class space    used 12653K, capacity 13568K, committed 13568K, reserved 1048576K
}
Event: 199.778 GC heap before
{Heap before GC invocations=16 (full 4):
 PSYoungGen      total 308224K, used 14216K [0x00000000d5580000, 0x00000000ed500000, 0x0000000100000000)
  eden space 274432K, 0% used [0x00000000d5580000,0x00000000d5580000,0x00000000e6180000)
  from space 33792K, 42% used [0x00000000e8f00000,0x00000000e9ce2160,0x00000000eb000000)
  to   space 46592K, 0% used [0x00000000e6180000,0x00000000e6180000,0x00000000e8f00000)
 ParOldGen       total 329728K, used 108430K [0x0000000080000000, 0x0000000094200000, 0x00000000d5580000)
  object space 329728K, 32% used [0x0000000080000000,0x00000000869e38b8,0x0000000094200000)
 Metaspace       used 93321K, capacity 98313K, committed 98560K, reserved 1134592K
  class space    used 12653K, capacity 13568K, committed 13568K, reserved 1048576K
Event: 200.275 GC heap after
Heap after GC invocations=16 (full 4):
 PSYoungGen      total 308224K, used 0K [0x00000000d5580000, 0x00000000ed500000, 0x0000000100000000)
  eden space 274432K, 0% used [0x00000000d5580000,0x00000000d5580000,0x00000000e6180000)
  from space 33792K, 0% used [0x00000000e8f00000,0x00000000e8f00000,0x00000000eb000000)
  to   space 46592K, 0% used [0x00000000e6180000,0x00000000e6180000,0x00000000e8f00000)
 ParOldGen       total 329728K, used 63812K [0x0000000080000000, 0x0000000094200000, 0x00000000d5580000)
  object space 329728K, 19% used [0x0000000080000000,0x0000000083e51390,0x0000000094200000)
 Metaspace       used 92884K, capacity 97307K, committed 98560K, reserved 1134592K
  class space    used 12492K, capacity 13287K, committed 13568K, reserved 1048576K
}

